2019-11-04 23:41:33.861 [main] INFO  com.discardpast.louwailou.LouwailouApplication - Starting LouwailouApplication on DESKTOP-JLD8R4L with PID 80440 (D:\discardpast-personal-ecology\CaseLibrary\louwailou-be\lwl-admin\target\classes started by Disca in D:\discardpast-personal-ecology\CaseLibrary\louwailou-be)
2019-11-04 23:41:33.864 [main] INFO  com.discardpast.louwailou.LouwailouApplication - The following profiles are active: dev
2019-11-04 23:41:33.909 [main] INFO  o.s.b.w.s.c.AnnotationConfigServletWebServerApplicationContext - Refreshing org.springframework.boot.web.servlet.context.AnnotationConfigServletWebServerApplicationContext@8297b3a: startup date [Mon Nov 04 23:41:33 CST 2019]; root of context hierarchy
2019-11-04 23:41:35.604 [main] INFO  o.s.c.s.PostProcessorRegistrationDelegate$BeanPostProcessorChecker - Bean 'org.springframework.transaction.annotation.ProxyTransactionManagementConfiguration' of type [org.springframework.transaction.annotation.ProxyTransactionManagementConfiguration$$EnhancerBySpringCGLIB$$e0f31a1d] is not eligible for getting processed by all BeanPostProcessors (for example: not eligible for auto-proxying)
2019-11-04 23:41:35.988 [main] INFO  o.s.boot.web.embedded.tomcat.TomcatWebServer - Tomcat initialized with port(s): 8080 (http)
2019-11-04 23:41:36.000 [main] INFO  org.apache.coyote.http11.Http11NioProtocol - Initializing ProtocolHandler ["http-nio-8080"]
2019-11-04 23:41:36.014 [main] INFO  org.apache.catalina.core.StandardService - Starting service [Tomcat]
2019-11-04 23:41:36.014 [main] INFO  org.apache.catalina.core.StandardEngine - Starting Servlet Engine: Apache Tomcat/8.5.37
2019-11-04 23:41:36.019 [localhost-startStop-1] INFO  org.apache.catalina.core.AprLifecycleListener - The APR based Apache Tomcat Native library which allows optimal performance in production environments was not found on the java.library.path: [H:\Java\jdk1.8.0_201\bin;C:\Windows\Sun\Java\bin;C:\Windows\system32;C:\Windows;C:\Python27\;C:\Python27\Scripts;%INTEL_DEV_REDIST%redist\intel64\compiler;H:\XFtp\;H:\XShell\;C:\Program Files (x86)\Common Files\Oracle\Java\javapath;C:\Windows\system32;C:\Windows;C:\Windows\System32\Wbem;C:\Windows\System32\WindowsPowerShell\v1.0\;C:\Windows\System32\OpenSSH\;H:\nodejs\;C:\ProgramData\chocolatey\bin;C:\Users\Disca\AppData\Local\Microsoft\WindowsApps;H:\Microsoft VS Code\bin;H:\Bandizip\;H:\Java\jdk1.8.0_201\bin;H:\Java\jre1.8.0_201\bin;;H:\IntelliJ IDEA 2019.1\bin;;C:\Users\Disca\AppData\Roaming\npm;.]
2019-11-04 23:41:36.148 [localhost-startStop-1] INFO  o.a.c.core.ContainerBase.[Tomcat].[localhost].[/] - Initializing Spring embedded WebApplicationContext
2019-11-04 23:41:36.149 [localhost-startStop-1] INFO  org.springframework.web.context.ContextLoader - Root WebApplicationContext: initialization completed in 2239 ms
2019-11-04 23:41:36.264 [localhost-startStop-1] INFO  o.s.boot.web.servlet.ServletRegistrationBean - Servlet dispatcherServlet mapped to [/]
2019-11-04 23:41:36.265 [localhost-startStop-1] INFO  o.s.boot.web.servlet.ServletRegistrationBean - Servlet statViewServlet mapped to [/druid/*]
2019-11-04 23:41:36.269 [localhost-startStop-1] INFO  o.s.boot.web.servlet.FilterRegistrationBean - Mapping filter: 'characterEncodingFilter' to: [/*]
2019-11-04 23:41:36.269 [localhost-startStop-1] INFO  o.s.boot.web.servlet.FilterRegistrationBean - Mapping filter: 'hiddenHttpMethodFilter' to: [/*]
2019-11-04 23:41:36.269 [localhost-startStop-1] INFO  o.s.boot.web.servlet.FilterRegistrationBean - Mapping filter: 'httpPutFormContentFilter' to: [/*]
2019-11-04 23:41:36.270 [localhost-startStop-1] INFO  o.s.boot.web.servlet.FilterRegistrationBean - Mapping filter: 'requestContextFilter' to: [/*]
2019-11-04 23:41:36.270 [localhost-startStop-1] INFO  o.s.boot.web.servlet.FilterRegistrationBean - Mapping filter: 'webStatFilter' to urls: [/*]
2019-11-04 23:41:36.270 [localhost-startStop-1] INFO  o.s.boot.web.servlet.FilterRegistrationBean - Mapping filter: 'corsFilter' to: [/*]
2019-11-04 23:41:36.411 [main] INFO  c.a.d.s.b.a.DruidDataSourceAutoConfigure - Init DruidDataSource
2019-11-04 23:41:36.811 [main] INFO  com.alibaba.druid.pool.DruidDataSource - {dataSource-1} inited
2019-11-04 23:41:37.973 [main] INFO  o.s.w.s.m.m.a.RequestMappingHandlerMapping - Mapped "{[/followRecord],methods=[PUT]}" onto public com.discardpast.louwailou.base.domain.Result com.discardpast.louwailou.controller.FollowRecordController.update(com.discardpast.louwailou.domain.FollowRecord)
2019-11-04 23:41:37.974 [main] INFO  o.s.w.s.m.m.a.RequestMappingHandlerMapping - Mapped "{[/followRecord],methods=[DELETE]}" onto public com.discardpast.louwailou.base.domain.Result com.discardpast.louwailou.controller.FollowRecordController.delete(java.lang.Long)
2019-11-04 23:41:37.974 [main] INFO  o.s.w.s.m.m.a.RequestMappingHandlerMapping - Mapped "{[/followRecord],methods=[POST]}" onto public com.discardpast.louwailou.base.domain.Result com.discardpast.louwailou.controller.FollowRecordController.insert(com.discardpast.louwailou.domain.FollowRecord)
2019-11-04 23:41:37.974 [main] INFO  o.s.w.s.m.m.a.RequestMappingHandlerMapping - Mapped "{[/followRecord/{userId}],methods=[GET]}" onto public com.discardpast.louwailou.base.domain.Result com.discardpast.louwailou.controller.FollowRecordController.selectByUserId(java.lang.Long)
2019-11-04 23:41:37.974 [main] INFO  o.s.w.s.m.m.a.RequestMappingHandlerMapping - Mapped "{[/followRecord],methods=[GET]}" onto public com.discardpast.louwailou.base.domain.Result com.discardpast.louwailou.controller.FollowRecordController.selectOne(java.lang.Long)
2019-11-04 23:41:37.976 [main] INFO  o.s.w.s.m.m.a.RequestMappingHandlerMapping - Mapped "{[/houseApartment],methods=[PUT]}" onto public com.discardpast.louwailou.base.domain.Result com.discardpast.louwailou.controller.HouseApartmentController.update(com.discardpast.louwailou.domain.HouseApartment)
2019-11-04 23:41:37.977 [main] INFO  o.s.w.s.m.m.a.RequestMappingHandlerMapping - Mapped "{[/houseApartment],methods=[DELETE]}" onto public com.discardpast.louwailou.base.domain.Result com.discardpast.louwailou.controller.HouseApartmentController.delete(java.lang.Long)
2019-11-04 23:41:37.977 [main] INFO  o.s.w.s.m.m.a.RequestMappingHandlerMapping - Mapped "{[/houseApartment],methods=[POST]}" onto public com.discardpast.louwailou.base.domain.Result com.discardpast.louwailou.controller.HouseApartmentController.insert(com.discardpast.louwailou.domain.HouseApartment)
2019-11-04 23:41:37.978 [main] INFO  o.s.w.s.m.m.a.RequestMappingHandlerMapping - Mapped "{[/houseApartment/{userId}],methods=[GET]}" onto public com.discardpast.louwailou.base.domain.Result com.discardpast.louwailou.controller.HouseApartmentController.selectByUserId(java.lang.Long)
2019-11-04 23:41:37.978 [main] INFO  o.s.w.s.m.m.a.RequestMappingHandlerMapping - Mapped "{[/houseApartment],methods=[GET]}" onto public com.discardpast.louwailou.base.domain.Result com.discardpast.louwailou.controller.HouseApartmentController.selectOne(java.lang.Long)
2019-11-04 23:41:37.979 [main] INFO  o.s.w.s.m.m.a.RequestMappingHandlerMapping - Mapped "{[/houseApartmentImage],methods=[PUT]}" onto public com.discardpast.louwailou.base.domain.Result com.discardpast.louwailou.controller.HouseApartmentImageController.update(com.discardpast.louwailou.domain.HouseApartmentImage)
2019-11-04 23:41:37.980 [main] INFO  o.s.w.s.m.m.a.RequestMappingHandlerMapping - Mapped "{[/houseApartmentImage],methods=[POST]}" onto public com.discardpast.louwailou.base.domain.Result com.discardpast.louwailou.controller.HouseApartmentImageController.insert(com.discardpast.louwailou.domain.HouseApartmentImage)
2019-11-04 23:41:37.980 [main] INFO  o.s.w.s.m.m.a.RequestMappingHandlerMapping - Mapped "{[/houseApartmentImage],methods=[GET]}" onto public com.discardpast.louwailou.base.domain.Result com.discardpast.louwailou.controller.HouseApartmentImageController.selectAll(com.baomidou.mybatisplus.core.metadata.IPage<com.discardpast.louwailou.domain.HouseApartmentImage>)
2019-11-04 23:41:37.980 [main] INFO  o.s.w.s.m.m.a.RequestMappingHandlerMapping - Mapped "{[/houseApartmentImage/{houseApartmentImageId}],methods=[GET]}" onto public com.discardpast.louwailou.base.domain.Result com.discardpast.louwailou.controller.HouseApartmentImageController.selectOne(java.lang.Long)
2019-11-04 23:41:37.983 [main] INFO  o.s.w.s.m.m.a.RequestMappingHandlerMapping - Mapped "{[/houseComment],methods=[PUT]}" onto public com.discardpast.louwailou.base.domain.Result com.discardpast.louwailou.controller.HouseCommentController.update(com.discardpast.louwailou.domain.HouseComment)
2019-11-04 23:41:37.983 [main] INFO  o.s.w.s.m.m.a.RequestMappingHandlerMapping - Mapped "{[/houseComment],methods=[DELETE]}" onto public com.discardpast.louwailou.base.domain.Result com.discardpast.louwailou.controller.HouseCommentController.delete(java.lang.Long)
2019-11-04 23:41:37.984 [main] INFO  o.s.w.s.m.m.a.RequestMappingHandlerMapping - Mapped "{[/houseComment],methods=[POST]}" onto public com.discardpast.louwailou.base.domain.Result com.discardpast.louwailou.controller.HouseCommentController.insert(com.discardpast.louwailou.domain.HouseComment)
2019-11-04 23:41:37.984 [main] INFO  o.s.w.s.m.m.a.RequestMappingHandlerMapping - Mapped "{[/houseComment/{userId}],methods=[GET]}" onto public com.discardpast.louwailou.base.domain.Result com.discardpast.louwailou.controller.HouseCommentController.selectByUserId(java.lang.Long)
2019-11-04 23:41:37.984 [main] INFO  o.s.w.s.m.m.a.RequestMappingHandlerMapping - Mapped "{[/houseComment],methods=[GET]}" onto public com.discardpast.louwailou.base.domain.Result com.discardpast.louwailou.controller.HouseCommentController.selectOne(java.lang.Long)
2019-11-04 23:41:37.986 [main] INFO  o.s.w.s.m.m.a.RequestMappingHandlerMapping - Mapped "{[/house],methods=[PUT]}" onto public com.discardpast.louwailou.base.domain.Result com.discardpast.louwailou.controller.HouseController.update(com.discardpast.louwailou.domain.House)
2019-11-04 23:41:37.986 [main] INFO  o.s.w.s.m.m.a.RequestMappingHandlerMapping - Mapped "{[/house],methods=[DELETE]}" onto public com.discardpast.louwailou.base.domain.Result com.discardpast.louwailou.controller.HouseController.delete(java.lang.Long)
2019-11-04 23:41:37.986 [main] INFO  o.s.w.s.m.m.a.RequestMappingHandlerMapping - Mapped "{[/house],methods=[POST]}" onto public com.discardpast.louwailou.base.domain.Result com.discardpast.louwailou.controller.HouseController.insert(com.discardpast.louwailou.domain.House)
2019-11-04 23:41:37.987 [main] INFO  o.s.w.s.m.m.a.RequestMappingHandlerMapping - Mapped "{[/house/all],methods=[GET]}" onto public com.discardpast.louwailou.base.domain.Result com.discardpast.louwailou.controller.HouseController.selectAllUser()
2019-11-04 23:41:37.987 [main] INFO  o.s.w.s.m.m.a.RequestMappingHandlerMapping - Mapped "{[/house/{userId}],methods=[GET]}" onto public com.discardpast.louwailou.base.domain.Result com.discardpast.louwailou.controller.HouseController.selectByUserId(java.lang.Long)
2019-11-04 23:41:37.987 [main] INFO  o.s.w.s.m.m.a.RequestMappingHandlerMapping - Mapped "{[/house],methods=[GET]}" onto public com.discardpast.louwailou.base.domain.Result com.discardpast.louwailou.controller.HouseController.selectOne(java.lang.Long)
2019-11-04 23:41:37.989 [main] INFO  o.s.w.s.m.m.a.RequestMappingHandlerMapping - Mapped "{[/houseImage],methods=[PUT]}" onto public com.discardpast.louwailou.base.domain.Result com.discardpast.louwailou.controller.HouseImageController.update(com.discardpast.louwailou.domain.HouseImage)
2019-11-04 23:41:37.990 [main] INFO  o.s.w.s.m.m.a.RequestMappingHandlerMapping - Mapped "{[/houseImage],methods=[DELETE]}" onto public com.discardpast.louwailou.base.domain.Result com.discardpast.louwailou.controller.HouseImageController.delete(java.lang.Long)
2019-11-04 23:41:37.990 [main] INFO  o.s.w.s.m.m.a.RequestMappingHandlerMapping - Mapped "{[/houseImage],methods=[POST]}" onto public com.discardpast.louwailou.base.domain.Result com.discardpast.louwailou.controller.HouseImageController.insert(com.discardpast.louwailou.domain.HouseImage)
2019-11-04 23:41:37.990 [main] INFO  o.s.w.s.m.m.a.RequestMappingHandlerMapping - Mapped "{[/houseImage/{userId}],methods=[GET]}" onto public com.discardpast.louwailou.base.domain.Result com.discardpast.louwailou.controller.HouseImageController.selectByUserId(java.lang.Long)
2019-11-04 23:41:37.990 [main] INFO  o.s.w.s.m.m.a.RequestMappingHandlerMapping - Mapped "{[/houseImage],methods=[GET]}" onto public com.discardpast.louwailou.base.domain.Result com.discardpast.louwailou.controller.HouseImageController.selectOne(java.lang.Long)
2019-11-04 23:41:37.994 [main] INFO  o.s.w.s.m.m.a.RequestMappingHandlerMapping - Mapped "{[/project],methods=[PUT]}" onto public com.discardpast.louwailou.base.domain.Result com.discardpast.louwailou.controller.ProjectController.update(com.discardpast.louwailou.domain.Project)
2019-11-04 23:41:37.994 [main] INFO  o.s.w.s.m.m.a.RequestMappingHandlerMapping - Mapped "{[/project],methods=[DELETE]}" onto public com.discardpast.louwailou.base.domain.Result com.discardpast.louwailou.controller.ProjectController.delete(java.lang.Long)
2019-11-04 23:41:37.994 [main] INFO  o.s.w.s.m.m.a.RequestMappingHandlerMapping - Mapped "{[/project],methods=[POST]}" onto public com.discardpast.louwailou.base.domain.Result com.discardpast.louwailou.controller.ProjectController.insert(com.discardpast.louwailou.domain.Project)
2019-11-04 23:41:37.995 [main] INFO  o.s.w.s.m.m.a.RequestMappingHandlerMapping - Mapped "{[/project/all],methods=[GET]}" onto public com.discardpast.louwailou.base.domain.Result com.discardpast.louwailou.controller.ProjectController.selectAllProject()
2019-11-04 23:41:37.995 [main] INFO  o.s.w.s.m.m.a.RequestMappingHandlerMapping - Mapped "{[/project/{userId}],methods=[GET]}" onto public com.discardpast.louwailou.base.domain.Result com.discardpast.louwailou.controller.ProjectController.selectByUserId(java.lang.Long)
2019-11-04 23:41:37.995 [main] INFO  o.s.w.s.m.m.a.RequestMappingHandlerMapping - Mapped "{[/project],methods=[GET]}" onto public com.discardpast.louwailou.base.domain.Result com.discardpast.louwailou.controller.ProjectController.selectOne(java.lang.Long)
2019-11-04 23:41:37.997 [main] INFO  o.s.w.s.m.m.a.RequestMappingHandlerMapping - Mapped "{[/projectTrend],methods=[PUT]}" onto public com.discardpast.louwailou.base.domain.Result com.discardpast.louwailou.controller.ProjectTrendController.update(com.discardpast.louwailou.domain.ProjectTrend)
2019-11-04 23:41:37.997 [main] INFO  o.s.w.s.m.m.a.RequestMappingHandlerMapping - Mapped "{[/projectTrend],methods=[DELETE]}" onto public com.discardpast.louwailou.base.domain.Result com.discardpast.louwailou.controller.ProjectTrendController.delete(java.lang.Long)
2019-11-04 23:41:37.997 [main] INFO  o.s.w.s.m.m.a.RequestMappingHandlerMapping - Mapped "{[/projectTrend],methods=[POST]}" onto public com.discardpast.louwailou.base.domain.Result com.discardpast.louwailou.controller.ProjectTrendController.insert(com.discardpast.louwailou.domain.ProjectTrend)
2019-11-04 23:41:37.997 [main] INFO  o.s.w.s.m.m.a.RequestMappingHandlerMapping - Mapped "{[/projectTrend/{userId}],methods=[GET]}" onto public com.discardpast.louwailou.base.domain.Result com.discardpast.louwailou.controller.ProjectTrendController.selectByUserId(java.lang.Long)
2019-11-04 23:41:37.998 [main] INFO  o.s.w.s.m.m.a.RequestMappingHandlerMapping - Mapped "{[/projectTrend],methods=[GET]}" onto public com.discardpast.louwailou.base.domain.Result com.discardpast.louwailou.controller.ProjectTrendController.selectOne(java.lang.Long)
2019-11-04 23:41:37.999 [main] INFO  o.s.w.s.m.m.a.RequestMappingHandlerMapping - Mapped "{[/staff],methods=[PUT]}" onto public com.discardpast.louwailou.base.domain.Result com.discardpast.louwailou.controller.StaffController.update(com.discardpast.louwailou.domain.Staff)
2019-11-04 23:41:37.999 [main] INFO  o.s.w.s.m.m.a.RequestMappingHandlerMapping - Mapped "{[/staff],methods=[DELETE]}" onto public com.discardpast.louwailou.base.domain.Result com.discardpast.louwailou.controller.StaffController.delete(java.lang.Long)
2019-11-04 23:41:38.000 [main] INFO  o.s.w.s.m.m.a.RequestMappingHandlerMapping - Mapped "{[/staff],methods=[POST]}" onto public com.discardpast.louwailou.base.domain.Result com.discardpast.louwailou.controller.StaffController.insert(com.discardpast.louwailou.domain.Staff)
2019-11-04 23:41:38.000 [main] INFO  o.s.w.s.m.m.a.RequestMappingHandlerMapping - Mapped "{[/staff/login],methods=[POST]}" onto public com.discardpast.louwailou.base.domain.Result com.discardpast.louwailou.controller.StaffController.login(com.discardpast.louwailou.domain.Staff)
2019-11-04 23:41:38.000 [main] INFO  o.s.w.s.m.m.a.RequestMappingHandlerMapping - Mapped "{[/staff],methods=[GET]}" onto public com.discardpast.louwailou.base.domain.Result com.discardpast.louwailou.controller.StaffController.selectOne(java.lang.Long)
2019-11-04 23:41:38.001 [main] INFO  o.s.w.s.m.m.a.RequestMappingHandlerMapping - Mapped "{[/upload],methods=[POST]}" onto public com.discardpast.louwailou.base.domain.Result com.discardpast.louwailou.controller.UploadController.insert(org.springframework.web.multipart.MultipartFile)
2019-11-04 23:41:38.002 [main] INFO  o.s.w.s.m.m.a.RequestMappingHandlerMapping - Mapped "{[/userCollection],methods=[PUT]}" onto public com.discardpast.louwailou.base.domain.Result com.discardpast.louwailou.controller.UserCollectionController.update(com.discardpast.louwailou.domain.UserCollection)
2019-11-04 23:41:38.003 [main] INFO  o.s.w.s.m.m.a.RequestMappingHandlerMapping - Mapped "{[/userCollection],methods=[DELETE]}" onto public com.discardpast.louwailou.base.domain.Result com.discardpast.louwailou.controller.UserCollectionController.delete(java.lang.Long)
2019-11-04 23:41:38.003 [main] INFO  o.s.w.s.m.m.a.RequestMappingHandlerMapping - Mapped "{[/userCollection],methods=[POST]}" onto public com.discardpast.louwailou.base.domain.Result com.discardpast.louwailou.controller.UserCollectionController.insert(com.discardpast.louwailou.domain.UserCollection)
2019-11-04 23:41:38.003 [main] INFO  o.s.w.s.m.m.a.RequestMappingHandlerMapping - Mapped "{[/userCollection/{userId}],methods=[GET]}" onto public com.discardpast.louwailou.base.domain.Result com.discardpast.louwailou.controller.UserCollectionController.selectByUserId(java.lang.Long)
2019-11-04 23:41:38.003 [main] INFO  o.s.w.s.m.m.a.RequestMappingHandlerMapping - Mapped "{[/userCollection],methods=[GET]}" onto public com.discardpast.louwailou.base.domain.Result com.discardpast.louwailou.controller.UserCollectionController.selectOne(java.lang.Long)
2019-11-04 23:41:38.004 [main] INFO  o.s.w.s.m.m.a.RequestMappingHandlerMapping - Mapped "{[/user],methods=[PUT]}" onto public com.discardpast.louwailou.base.domain.Result com.discardpast.louwailou.controller.UserController.update(com.discardpast.louwailou.domain.User)
2019-11-04 23:41:38.005 [main] INFO  o.s.w.s.m.m.a.RequestMappingHandlerMapping - Mapped "{[/user],methods=[DELETE]}" onto public com.discardpast.louwailou.base.domain.Result com.discardpast.louwailou.controller.UserController.delete(java.lang.Long)
2019-11-04 23:41:38.005 [main] INFO  o.s.w.s.m.m.a.RequestMappingHandlerMapping - Mapped "{[/user],methods=[POST]}" onto public com.discardpast.louwailou.base.domain.Result com.discardpast.louwailou.controller.UserController.insert(com.discardpast.louwailou.domain.User)
2019-11-04 23:41:38.005 [main] INFO  o.s.w.s.m.m.a.RequestMappingHandlerMapping - Mapped "{[/user/all],methods=[GET]}" onto public com.discardpast.louwailou.base.domain.Result com.discardpast.louwailou.controller.UserController.selectAllUser()
2019-11-04 23:41:38.005 [main] INFO  o.s.w.s.m.m.a.RequestMappingHandlerMapping - Mapped "{[/user/{userId}],methods=[GET]}" onto public com.discardpast.louwailou.base.domain.Result com.discardpast.louwailou.controller.UserController.selectByUserId(java.lang.Long)
2019-11-04 23:41:38.006 [main] INFO  o.s.w.s.m.m.a.RequestMappingHandlerMapping - Mapped "{[/user],methods=[GET]}" onto public com.discardpast.louwailou.base.domain.Result com.discardpast.louwailou.controller.UserController.selectOne(java.lang.Long)
2019-11-04 23:41:38.007 [main] INFO  o.s.w.s.m.m.a.RequestMappingHandlerMapping - Mapped "{[/userIntention],methods=[PUT]}" onto public com.discardpast.louwailou.base.domain.Result com.discardpast.louwailou.controller.UserIntentionController.update(com.discardpast.louwailou.domain.UserIntention)
2019-11-04 23:41:38.007 [main] INFO  o.s.w.s.m.m.a.RequestMappingHandlerMapping - Mapped "{[/userIntention],methods=[DELETE]}" onto public com.discardpast.louwailou.base.domain.Result com.discardpast.louwailou.controller.UserIntentionController.delete(java.lang.Long)
2019-11-04 23:41:38.007 [main] INFO  o.s.w.s.m.m.a.RequestMappingHandlerMapping - Mapped "{[/userIntention],methods=[POST]}" onto public com.discardpast.louwailou.base.domain.Result com.discardpast.louwailou.controller.UserIntentionController.insert(com.discardpast.louwailou.domain.UserIntention)
2019-11-04 23:41:38.007 [main] INFO  o.s.w.s.m.m.a.RequestMappingHandlerMapping - Mapped "{[/userIntention/{userId}],methods=[GET]}" onto public com.discardpast.louwailou.base.domain.Result com.discardpast.louwailou.controller.UserIntentionController.selectByUserId(java.lang.Long)
2019-11-04 23:41:38.008 [main] INFO  o.s.w.s.m.m.a.RequestMappingHandlerMapping - Mapped "{[/userIntention],methods=[GET]}" onto public com.discardpast.louwailou.base.domain.Result com.discardpast.louwailou.controller.UserIntentionController.selectOne(java.lang.Long)
2019-11-04 23:41:38.009 [main] INFO  o.s.w.s.m.m.a.RequestMappingHandlerMapping - Mapped "{[/userRecommend],methods=[PUT]}" onto public com.discardpast.louwailou.base.domain.Result com.discardpast.louwailou.controller.UserRecommendController.update(com.discardpast.louwailou.domain.UserRecommend)
2019-11-04 23:41:38.009 [main] INFO  o.s.w.s.m.m.a.RequestMappingHandlerMapping - Mapped "{[/userRecommend],methods=[DELETE]}" onto public com.discardpast.louwailou.base.domain.Result com.discardpast.louwailou.controller.UserRecommendController.delete(java.lang.Long)
2019-11-04 23:41:38.009 [main] INFO  o.s.w.s.m.m.a.RequestMappingHandlerMapping - Mapped "{[/userRecommend],methods=[POST]}" onto public com.discardpast.louwailou.base.domain.Result com.discardpast.louwailou.controller.UserRecommendController.insert(com.discardpast.louwailou.domain.UserRecommend)
2019-11-04 23:41:38.009 [main] INFO  o.s.w.s.m.m.a.RequestMappingHandlerMapping - Mapped "{[/userRecommend/{userId}],methods=[GET]}" onto public com.discardpast.louwailou.base.domain.Result com.discardpast.louwailou.controller.UserRecommendController.selectByUserId(java.lang.Long)
2019-11-04 23:41:38.009 [main] INFO  o.s.w.s.m.m.a.RequestMappingHandlerMapping - Mapped "{[/userRecommend],methods=[GET]}" onto public com.discardpast.louwailou.base.domain.Result com.discardpast.louwailou.controller.UserRecommendController.selectOne(java.lang.Long)
2019-11-04 23:41:38.012 [main] INFO  o.s.w.s.m.m.a.RequestMappingHandlerMapping - Mapped "{[/withdraw],methods=[PUT]}" onto public com.discardpast.louwailou.base.domain.Result com.discardpast.louwailou.controller.WithdrawController.update(com.discardpast.louwailou.domain.Withdraw)
2019-11-04 23:41:38.012 [main] INFO  o.s.w.s.m.m.a.RequestMappingHandlerMapping - Mapped "{[/withdraw],methods=[DELETE]}" onto public com.discardpast.louwailou.base.domain.Result com.discardpast.louwailou.controller.WithdrawController.delete(java.lang.Long)
2019-11-04 23:41:38.012 [main] INFO  o.s.w.s.m.m.a.RequestMappingHandlerMapping - Mapped "{[/withdraw],methods=[POST]}" onto public com.discardpast.louwailou.base.domain.Result com.discardpast.louwailou.controller.WithdrawController.insert(com.discardpast.louwailou.domain.Withdraw)
2019-11-04 23:41:38.013 [main] INFO  o.s.w.s.m.m.a.RequestMappingHandlerMapping - Mapped "{[/withdraw/{userId}],methods=[GET]}" onto public com.discardpast.louwailou.base.domain.Result com.discardpast.louwailou.controller.WithdrawController.selectByUserId(java.lang.Long)
2019-11-04 23:41:38.013 [main] INFO  o.s.w.s.m.m.a.RequestMappingHandlerMapping - Mapped "{[/withdraw],methods=[GET]}" onto public com.discardpast.louwailou.base.domain.Result com.discardpast.louwailou.controller.WithdrawController.selectOne(java.lang.Long)
2019-11-04 23:41:38.017 [main] INFO  o.s.w.s.m.m.a.RequestMappingHandlerMapping - Mapped "{[/swagger-resources/configuration/security]}" onto public org.springframework.http.ResponseEntity<springfox.documentation.swagger.web.SecurityConfiguration> springfox.documentation.swagger.web.ApiResourceController.securityConfiguration()
2019-11-04 23:41:38.018 [main] INFO  o.s.w.s.m.m.a.RequestMappingHandlerMapping - Mapped "{[/swagger-resources/configuration/ui]}" onto public org.springframework.http.ResponseEntity<springfox.documentation.swagger.web.UiConfiguration> springfox.documentation.swagger.web.ApiResourceController.uiConfiguration()
2019-11-04 23:41:38.019 [main] INFO  o.s.w.s.m.m.a.RequestMappingHandlerMapping - Mapped "{[/swagger-resources]}" onto public org.springframework.http.ResponseEntity<java.util.List<springfox.documentation.swagger.web.SwaggerResource>> springfox.documentation.swagger.web.ApiResourceController.swaggerResources()
2019-11-04 23:41:38.023 [main] INFO  o.s.w.s.m.m.a.RequestMappingHandlerMapping - Mapped "{[/error]}" onto public org.springframework.http.ResponseEntity<java.util.Map<java.lang.String, java.lang.Object>> org.springframework.boot.autoconfigure.web.servlet.error.BasicErrorController.error(javax.servlet.http.HttpServletRequest)
2019-11-04 23:41:38.024 [main] INFO  o.s.w.s.m.m.a.RequestMappingHandlerMapping - Mapped "{[/error],produces=[text/html]}" onto public org.springframework.web.servlet.ModelAndView org.springframework.boot.autoconfigure.web.servlet.error.BasicErrorController.errorHtml(javax.servlet.http.HttpServletRequest,javax.servlet.http.HttpServletResponse)
2019-11-04 23:41:38.153 [main] INFO  s.d.s.w.PropertySourcedRequestMappingHandlerMapping - Mapped URL path [/v2/api-docs] onto method [public org.springframework.http.ResponseEntity<springfox.documentation.spring.web.json.Json> springfox.documentation.swagger2.web.Swagger2Controller.getDocumentation(java.lang.String,javax.servlet.http.HttpServletRequest)]
2019-11-04 23:41:38.237 [main] INFO  o.s.web.servlet.handler.SimpleUrlHandlerMapping - Mapped URL path [/**/favicon.ico] onto handler of type [class org.springframework.web.servlet.resource.ResourceHttpRequestHandler]
2019-11-04 23:41:38.411 [main] INFO  o.s.w.s.m.m.a.RequestMappingHandlerAdapter - Looking for @ControllerAdvice: org.springframework.boot.web.servlet.context.AnnotationConfigServletWebServerApplicationContext@8297b3a: startup date [Mon Nov 04 23:41:33 CST 2019]; root of context hierarchy
2019-11-04 23:41:38.443 [main] INFO  o.s.web.servlet.handler.SimpleUrlHandlerMapping - Root mapping to handler of type [class org.springframework.web.servlet.mvc.ParameterizableViewController]
2019-11-04 23:41:38.458 [main] INFO  o.s.web.servlet.handler.SimpleUrlHandlerMapping - Mapped URL path [/webjars/**] onto handler of type [class org.springframework.web.servlet.resource.ResourceHttpRequestHandler]
2019-11-04 23:41:38.459 [main] INFO  o.s.web.servlet.handler.SimpleUrlHandlerMapping - Mapped URL path [/**] onto handler of type [class org.springframework.web.servlet.resource.ResourceHttpRequestHandler]
2019-11-04 23:41:38.501 [main] INFO  o.s.b.a.web.servlet.WelcomePageHandlerMapping - Adding welcome page: class path resource [static/index.html]
2019-11-04 23:41:38.710 [main] INFO  o.s.jmx.export.annotation.AnnotationMBeanExporter - Registering beans for JMX exposure on startup
2019-11-04 23:41:38.712 [main] INFO  o.s.jmx.export.annotation.AnnotationMBeanExporter - Bean with name 'statFilter' has been autodetected for JMX exposure
2019-11-04 23:41:38.712 [main] INFO  o.s.jmx.export.annotation.AnnotationMBeanExporter - Bean with name 'dataSource' has been autodetected for JMX exposure
2019-11-04 23:41:38.726 [main] INFO  o.s.jmx.export.annotation.AnnotationMBeanExporter - Located MBean 'dataSource': registering with JMX server as MBean [com.alibaba.druid.spring.boot.autoconfigure:name=dataSource,type=DruidDataSourceWrapper]
2019-11-04 23:41:38.728 [main] INFO  o.s.jmx.export.annotation.AnnotationMBeanExporter - Located MBean 'statFilter': registering with JMX server as MBean [com.alibaba.druid.filter.stat:name=statFilter,type=StatFilter]
2019-11-04 23:41:38.735 [main] INFO  o.s.context.support.DefaultLifecycleProcessor - Starting beans in phase 2147483647
2019-11-04 23:41:38.736 [main] INFO  s.d.s.web.plugins.DocumentationPluginsBootstrapper - Context refreshed
2019-11-04 23:41:38.755 [main] INFO  s.d.s.web.plugins.DocumentationPluginsBootstrapper - Found 1 custom documentation plugin(s)
2019-11-04 23:41:38.810 [main] INFO  s.d.spring.web.scanners.ApiListingReferenceScanner - Scanning for api listing references
2019-11-04 23:41:38.984 [main] INFO  s.d.s.w.r.operation.CachingOperationNameGenerator - Generating unique operation named: deleteUsingDELETE_1
2019-11-04 23:41:38.990 [main] INFO  s.d.s.w.r.operation.CachingOperationNameGenerator - Generating unique operation named: insertUsingPOST_1
2019-11-04 23:41:38.994 [main] INFO  s.d.s.w.r.operation.CachingOperationNameGenerator - Generating unique operation named: selectByUserIdUsingGET_1
2019-11-04 23:41:38.996 [main] INFO  s.d.s.w.r.operation.CachingOperationNameGenerator - Generating unique operation named: selectOneUsingGET_1
2019-11-04 23:41:38.998 [main] INFO  s.d.s.w.r.operation.CachingOperationNameGenerator - Generating unique operation named: updateUsingPUT_1
2019-11-04 23:41:39.003 [main] INFO  s.d.s.w.r.operation.CachingOperationNameGenerator - Generating unique operation named: insertUsingPOST_2
2019-11-04 23:41:39.015 [main] INFO  s.d.s.w.r.operation.CachingOperationNameGenerator - Generating unique operation named: selectOneUsingGET_2
2019-11-04 23:41:39.017 [main] INFO  s.d.s.w.r.operation.CachingOperationNameGenerator - Generating unique operation named: updateUsingPUT_2
2019-11-04 23:41:39.019 [main] INFO  s.d.s.w.r.operation.CachingOperationNameGenerator - Generating unique operation named: deleteUsingDELETE_2
2019-11-04 23:41:39.025 [main] INFO  s.d.s.w.r.operation.CachingOperationNameGenerator - Generating unique operation named: insertUsingPOST_3
2019-11-04 23:41:39.026 [main] INFO  s.d.s.w.r.operation.CachingOperationNameGenerator - Generating unique operation named: selectByUserIdUsingGET_2
2019-11-04 23:41:39.028 [main] INFO  s.d.s.w.r.operation.CachingOperationNameGenerator - Generating unique operation named: selectOneUsingGET_3
2019-11-04 23:41:39.029 [main] INFO  s.d.s.w.r.operation.CachingOperationNameGenerator - Generating unique operation named: updateUsingPUT_3
2019-11-04 23:41:39.031 [main] INFO  s.d.s.w.r.operation.CachingOperationNameGenerator - Generating unique operation named: deleteUsingDELETE_3
2019-11-04 23:41:39.038 [main] INFO  s.d.s.w.r.operation.CachingOperationNameGenerator - Generating unique operation named: insertUsingPOST_4
2019-11-04 23:41:39.042 [main] INFO  s.d.s.w.r.operation.CachingOperationNameGenerator - Generating unique operation named: selectByUserIdUsingGET_3
2019-11-04 23:41:39.043 [main] INFO  s.d.s.w.r.operation.CachingOperationNameGenerator - Generating unique operation named: selectOneUsingGET_4
2019-11-04 23:41:39.044 [main] INFO  s.d.s.w.r.operation.CachingOperationNameGenerator - Generating unique operation named: updateUsingPUT_4
2019-11-04 23:41:39.046 [main] INFO  s.d.s.w.r.operation.CachingOperationNameGenerator - Generating unique operation named: deleteUsingDELETE_4
2019-11-04 23:41:39.049 [main] INFO  s.d.s.w.r.operation.CachingOperationNameGenerator - Generating unique operation named: insertUsingPOST_5
2019-11-04 23:41:39.050 [main] INFO  s.d.s.w.r.operation.CachingOperationNameGenerator - Generating unique operation named: selectByUserIdUsingGET_4
2019-11-04 23:41:39.052 [main] INFO  s.d.s.w.r.operation.CachingOperationNameGenerator - Generating unique operation named: selectOneUsingGET_5
2019-11-04 23:41:39.053 [main] INFO  s.d.s.w.r.operation.CachingOperationNameGenerator - Generating unique operation named: updateUsingPUT_5
2019-11-04 23:41:39.055 [main] INFO  s.d.s.w.r.operation.CachingOperationNameGenerator - Generating unique operation named: deleteUsingDELETE_5
2019-11-04 23:41:39.059 [main] INFO  s.d.s.w.r.operation.CachingOperationNameGenerator - Generating unique operation named: insertUsingPOST_6
2019-11-04 23:41:39.061 [main] INFO  s.d.s.w.r.operation.CachingOperationNameGenerator - Generating unique operation named: selectByUserIdUsingGET_5
2019-11-04 23:41:39.063 [main] INFO  s.d.s.w.r.operation.CachingOperationNameGenerator - Generating unique operation named: selectOneUsingGET_6
2019-11-04 23:41:39.064 [main] INFO  s.d.s.w.r.operation.CachingOperationNameGenerator - Generating unique operation named: updateUsingPUT_6
2019-11-04 23:41:39.066 [main] INFO  s.d.s.w.r.operation.CachingOperationNameGenerator - Generating unique operation named: deleteUsingDELETE_6
2019-11-04 23:41:39.069 [main] INFO  s.d.s.w.r.operation.CachingOperationNameGenerator - Generating unique operation named: insertUsingPOST_7
2019-11-04 23:41:39.070 [main] INFO  s.d.s.w.r.operation.CachingOperationNameGenerator - Generating unique operation named: selectByUserIdUsingGET_6
2019-11-04 23:41:39.071 [main] INFO  s.d.s.w.r.operation.CachingOperationNameGenerator - Generating unique operation named: selectOneUsingGET_7
2019-11-04 23:41:39.072 [main] INFO  s.d.s.w.r.operation.CachingOperationNameGenerator - Generating unique operation named: updateUsingPUT_7
2019-11-04 23:41:39.074 [main] INFO  s.d.s.w.r.operation.CachingOperationNameGenerator - Generating unique operation named: deleteUsingDELETE_7
2019-11-04 23:41:39.077 [main] INFO  s.d.s.w.r.operation.CachingOperationNameGenerator - Generating unique operation named: insertUsingPOST_8
2019-11-04 23:41:39.080 [main] INFO  s.d.s.w.r.operation.CachingOperationNameGenerator - Generating unique operation named: selectOneUsingGET_8
2019-11-04 23:41:39.081 [main] INFO  s.d.s.w.r.operation.CachingOperationNameGenerator - Generating unique operation named: updateUsingPUT_8
2019-11-04 23:41:39.083 [main] INFO  s.d.s.w.r.operation.CachingOperationNameGenerator - Generating unique operation named: insertUsingPOST_9
2019-11-04 23:41:39.084 [main] INFO  s.d.s.w.r.operation.CachingOperationNameGenerator - Generating unique operation named: deleteUsingDELETE_8
2019-11-04 23:41:39.087 [main] INFO  s.d.s.w.r.operation.CachingOperationNameGenerator - Generating unique operation named: insertUsingPOST_10
2019-11-04 23:41:39.089 [main] INFO  s.d.s.w.r.operation.CachingOperationNameGenerator - Generating unique operation named: selectByUserIdUsingGET_7
2019-11-04 23:41:39.089 [main] INFO  s.d.s.w.r.operation.CachingOperationNameGenerator - Generating unique operation named: selectOneUsingGET_9
2019-11-04 23:41:39.090 [main] INFO  s.d.s.w.r.operation.CachingOperationNameGenerator - Generating unique operation named: updateUsingPUT_9
2019-11-04 23:41:39.092 [main] INFO  s.d.s.w.r.operation.CachingOperationNameGenerator - Generating unique operation named: deleteUsingDELETE_9
2019-11-04 23:41:39.097 [main] INFO  s.d.s.w.r.operation.CachingOperationNameGenerator - Generating unique operation named: insertUsingPOST_11
2019-11-04 23:41:39.098 [main] INFO  s.d.s.w.r.operation.CachingOperationNameGenerator - Generating unique operation named: selectAllUserUsingGET_1
2019-11-04 23:41:39.099 [main] INFO  s.d.s.w.r.operation.CachingOperationNameGenerator - Generating unique operation named: selectByUserIdUsingGET_8
2019-11-04 23:41:39.100 [main] INFO  s.d.s.w.r.operation.CachingOperationNameGenerator - Generating unique operation named: selectOneUsingGET_10
2019-11-04 23:41:39.101 [main] INFO  s.d.s.w.r.operation.CachingOperationNameGenerator - Generating unique operation named: updateUsingPUT_10
2019-11-04 23:41:39.103 [main] INFO  s.d.s.w.r.operation.CachingOperationNameGenerator - Generating unique operation named: deleteUsingDELETE_10
2019-11-04 23:41:39.106 [main] INFO  s.d.s.w.r.operation.CachingOperationNameGenerator - Generating unique operation named: insertUsingPOST_12
2019-11-04 23:41:39.107 [main] INFO  s.d.s.w.r.operation.CachingOperationNameGenerator - Generating unique operation named: selectByUserIdUsingGET_9
2019-11-04 23:41:39.109 [main] INFO  s.d.s.w.r.operation.CachingOperationNameGenerator - Generating unique operation named: selectOneUsingGET_11
2019-11-04 23:41:39.110 [main] INFO  s.d.s.w.r.operation.CachingOperationNameGenerator - Generating unique operation named: updateUsingPUT_11
2019-11-04 23:41:39.111 [main] INFO  s.d.s.w.r.operation.CachingOperationNameGenerator - Generating unique operation named: deleteUsingDELETE_11
2019-11-04 23:41:39.114 [main] INFO  s.d.s.w.r.operation.CachingOperationNameGenerator - Generating unique operation named: insertUsingPOST_13
2019-11-04 23:41:39.115 [main] INFO  s.d.s.w.r.operation.CachingOperationNameGenerator - Generating unique operation named: selectByUserIdUsingGET_10
2019-11-04 23:41:39.116 [main] INFO  s.d.s.w.r.operation.CachingOperationNameGenerator - Generating unique operation named: selectOneUsingGET_12
2019-11-04 23:41:39.117 [main] INFO  s.d.s.w.r.operation.CachingOperationNameGenerator - Generating unique operation named: updateUsingPUT_12
2019-11-04 23:41:39.119 [main] INFO  s.d.s.w.r.operation.CachingOperationNameGenerator - Generating unique operation named: deleteUsingDELETE_12
2019-11-04 23:41:39.122 [main] INFO  s.d.s.w.r.operation.CachingOperationNameGenerator - Generating unique operation named: insertUsingPOST_14
2019-11-04 23:41:39.123 [main] INFO  s.d.s.w.r.operation.CachingOperationNameGenerator - Generating unique operation named: selectByUserIdUsingGET_11
2019-11-04 23:41:39.124 [main] INFO  s.d.s.w.r.operation.CachingOperationNameGenerator - Generating unique operation named: selectOneUsingGET_13
2019-11-04 23:41:39.126 [main] INFO  s.d.s.w.r.operation.CachingOperationNameGenerator - Generating unique operation named: updateUsingPUT_13
2019-11-04 23:41:39.142 [main] INFO  org.apache.coyote.http11.Http11NioProtocol - Starting ProtocolHandler ["http-nio-8080"]
2019-11-04 23:41:39.151 [main] INFO  org.apache.tomcat.util.net.NioSelectorPool - Using a shared selector for servlet write/read
2019-11-04 23:41:39.165 [main] INFO  o.s.boot.web.embedded.tomcat.TomcatWebServer - Tomcat started on port(s): 8080 (http) with context path ''
2019-11-04 23:41:39.170 [main] INFO  com.discardpast.louwailou.LouwailouApplication - Started LouwailouApplication in 5.968 seconds (JVM running for 7.151)
2019-11-04 23:41:46.153 [http-nio-8080-exec-1] INFO  o.a.c.core.ContainerBase.[Tomcat].[localhost].[/] - Initializing Spring FrameworkServlet 'dispatcherServlet'
2019-11-04 23:41:46.153 [http-nio-8080-exec-1] INFO  org.springframework.web.servlet.DispatcherServlet - FrameworkServlet 'dispatcherServlet': initialization started
2019-11-04 23:41:46.171 [http-nio-8080-exec-1] INFO  org.springframework.web.servlet.DispatcherServlet - FrameworkServlet 'dispatcherServlet': initialization completed in 17 ms
